生成启动时间为 2017/5/27 10:04:21。
     1>项目“C:\Users\K550\Documents\Visual Studio 2010\Projects\我的酷行2\TabDemo\TabDemo.vcxproj”在节点 2 上(build 个目标)。
     1>InitializeBuildStatus:
         正在创建“Debug\TabDemo.unsuccessfulbuild”，因为已指定“AlwaysCreate”。
       ClCompile:
         f:\VS2010\VC\bin\CL.exe /c /I"C:\Users\K550\Documents\Visual Studio 2010\Projects\我的酷行2\TabDemo\\" /ZI /nologo /W3 /WX- /Od /Oy- /D WIN32 /D _WINDOWS /D _DEBUG /D _MBCS /D _AFXDLL /Gm /EHsc /RTC1 /MD /GS /fp:precise /Zc:wchar_t /Zc:forScope /Yc"StdAfx.h" /Fp"Debug\TabDemo.pch" /Fo"Debug\\" /Fd"Debug\vc100.pdb" /Gd /TP /analyze- /errorReport:prompt stdafx.cpp
         stdafx.cpp
         f:\VS2010\VC\bin\CL.exe /c /I"C:\Users\K550\Documents\Visual Studio 2010\Projects\我的酷行2\TabDemo\\" /ZI /nologo /W3 /WX- /Od /Oy- /D WIN32 /D _WINDOWS /D _DEBUG /D _MBCS /D _AFXDLL /Gm /EHsc /RTC1 /MD /GS /fp:precise /Zc:wchar_t /Zc:forScope /Yu"StdAfx.h" /Fp"Debug\TabDemo.pch" /Fo"Debug\\" /Fd"Debug\vc100.pdb" /Gd /TP /analyze- /errorReport:prompt DlgAfter.cpp DlgBefore.cpp DlgBuild.cpp DlgMap.cpp DlgTab1.cpp DlgTab2.cpp DlgTab3.cpp TabDemo.cpp TabDemoDlg.cpp exif.cpp explorer1.cpp explorer2.cpp
         正在跳过...(未检测到相关更改)
         explorer2.cpp
         explorer1.cpp
         exif.cpp
         TabDemoDlg.cpp
         TabDemo.cpp
         DlgTab3.cpp
         DlgTab2.cpp
         DlgTab1.cpp
         DlgMap.cpp
         DlgBuild.cpp
         DlgBefore.cpp
         DlgAfter.cpp
       ResourceCompile:
         所有输出均为最新。
       ManifestResourceCompile:
         所有输出均为最新。
       Link:
         f:\VS2010\VC\bin\link.exe /ERRORREPORT:PROMPT /OUT:"C:\Users\K550\Documents\Visual Studio 2010\Projects\我的酷行2\Debug\TabDemo.exe" /INCREMENTAL /NOLOGO /MANIFEST /ManifestFile:"Debug\TabDemo.exe.intermediate.manifest" /MANIFESTUAC:"level='asInvoker' uiAccess='false'" /DEBUG /PDB:"C:\Users\K550\Documents\Visual Studio 2010\Projects\我的酷行2\Debug\TabDemo.pdb" /SUBSYSTEM:WINDOWS /TLBID:1 /DYNAMICBASE /NXCOMPAT /IMPLIB:"C:\Users\K550\Documents\Visual Studio 2010\Projects\我的酷行2\Debug\TabDemo.lib" /MACHINE:X86 Debug\TabDemo.res
         Debug\TabDemo.exe.embed.manifest.res
         Debug\DlgAfter.obj
         Debug\DlgBefore.obj
         Debug\DlgBuild.obj
         Debug\DlgMap.obj
         Debug\DlgTab1.obj
         Debug\DlgTab2.obj
         Debug\DlgTab3.obj
         Debug\exif.obj
         Debug\explorer1.obj
         Debug\explorer2.obj
         Debug\stdafx.obj
         Debug\TabDemo.obj
         Debug\TabDemoDlg.obj
       Manifest:
         C:\Program Files (x86)\Microsoft SDKs\Windows\v7.0A\bin\mt.exe /nologo /verbose /out:"Debug\TabDemo.exe.embed.manifest" /manifest Debug\TabDemo.exe.intermediate.manifest f:\VS2010\VC\Include\Manifest\dpiaware.manifest
         所有输出均为最新。
       LinkEmbedManifest:
         所有输出均为最新。
         TabDemo.vcxproj -> C:\Users\K550\Documents\Visual Studio 2010\Projects\我的酷行2\Debug\TabDemo.exe
       FinalizeBuildStatus:
         正在删除文件“Debug\TabDemo.unsuccessfulbuild”。
         正在对“Debug\TabDemo.lastbuildstate”执行 Touch 任务。
     1>已完成生成项目“C:\Users\K550\Documents\Visual Studio 2010\Projects\我的酷行2\TabDemo\TabDemo.vcxproj”(build 个目标)的操作。

生成成功。

已用时间 00:01:04.57
